------------------------------------------------------------
/usr/bin/pip run on Wed Feb 22 14:01:56 2017
Downloading/unpacking python-django
  Getting page https://pypi.python.org/simple/python-django/
  Could not fetch URL https://pypi.python.org/simple/python-django/: 404 Client Error: Not Found
  Will skip URL https://pypi.python.org/simple/python-django/ when looking for download links for python-django
  Getting page https://pypi.python.org/simple/
  URLs to search for versions for python-django:
  * https://pypi.python.org/simple/python-django/
  Getting page https://pypi.python.org/simple/python-django/
  Could not fetch URL https://pypi.python.org/simple/python-django/: 404 Client Error: Not Found
  Will skip URL https://pypi.python.org/simple/python-django/ when looking for download links for python-django
  Could not find any downloads that satisfy the requirement python-django
Cleaning up...
  Removing temporary dir /tmp/pip_build_root...
No distributions at all found for python-django
Exception information:
Traceback (most recent call last):
  File "/usr/lib/python2.7/dist-packages/pip/basecommand.py", line 122, in main
    status = self.run(options, args)
  File "/usr/lib/python2.7/dist-packages/pip/commands/install.py", line 278, in run
    requirement_set.prepare_files(finder, force_root_egg_info=self.bundle, bundle=self.bundle)
  File "/usr/lib/python2.7/dist-packages/pip/req.py", line 1178, in prepare_files
    url = finder.find_requirement(req_to_install, upgrade=self.upgrade)
  File "/usr/lib/python2.7/dist-packages/pip/index.py", line 277, in find_requirement
    raise DistributionNotFound('No distributions at all found for %s' % req)
DistributionNotFound: No distributions at all found for python-django
