Activating service name='com.canonical.Unity.Scope.Academic.Zotero'
Successfully activated service 'com.canonical.Unity.Scope.Academic.Zotero'
Activating service name='com.canonical.Unity.Scope.File.Gdrive'
Successfully activated service 'com.canonical.Unity.Scope.File.Gdrive'

(unity-scope-home:2189): libunity-WARNING **: unity-aggregator-scope.vala:145: Error serializing GVariant with type string 'mv' to the D-Bus wire format
Activating service name='org.gtk.vfs.Metadata'
Successfully activated service 'org.gtk.vfs.Metadata'
Activating service name='com.ubuntu.OneConf'
Successfully activated service 'com.ubuntu.OneConf'
WARNING:oneconf.hosts:Error in loading other_hosts file: [Errno 2] No such file or directory: '/home/srtaksande/.cache/oneconf/6418d3f75e87e9280b5b3ffd58ad3c2d/other_hosts'
Activating service name='com.ubuntu.sso'
Successfully activated service 'com.ubuntu.sso'
Activating service name='com.canonical.Unity.Scope.Academic.Zotero'
Successfully activated service 'com.canonical.Unity.Scope.Academic.Zotero'
Activating service name='com.canonical.Unity.Scope.File.Gdrive'
Successfully activated service 'com.canonical.Unity.Scope.File.Gdrive'
Activating service name='com.ubuntu.sso'
Successfully activated service 'com.ubuntu.sso'
Activating service name='com.canonical.Unity.Scope.Academic.Zotero'
Successfully activated service 'com.canonical.Unity.Scope.Academic.Zotero'
Activating service name='com.canonical.Unity.Scope.File.Gdrive'
Successfully activated service 'com.canonical.Unity.Scope.File.Gdrive'

** (bamfdaemon:1839): WARNING **: Got an X error: BadWindow (invalid Window parameter)


** (bamfdaemon:1839): WARNING **: Got an X error: BadWindow (invalid Window parameter)


** (bamfdaemon:1839): WARNING **: Got an X error: BadWindow (invalid Window parameter)


** (bamfdaemon:1839): WARNING **: Got an X error: BadWindow (invalid Window parameter)


** (bamfdaemon:1839): WARNING **: Got an X error: BadWindow (invalid Window parameter)

g_dbus_connection_real_closed: Remote peer vanished with error: Error receiving message: Connection reset by peer (g-io-error-quark, 0). Exiting.
Activating service name='org.ayatana.bamf'
Activating service name='org.a11y.Bus'
Successfully activated service 'org.a11y.Bus'
Activating service name='org.gtk.vfs.Daemon'
Activating service name='org.a11y.atspi.Registry'
Successfully activated service 'org.a11y.atspi.Registry'

** (at-spi2-registryd:3824): WARNING **: Failed to register client: GDBus.Error:org.freedesktop.DBus.Error.ServiceUnknown: The name org.gnome.SessionManager was not provided by any .service files

** (at-spi2-registryd:3824): WARNING **: Unable to register client with session manager
Successfully activated service 'org.gtk.vfs.Daemon'
Successfully activated service 'org.ayatana.bamf'
Activating service name='com.canonical.indicator.keyboard'
Activating service name='ca.desrt.dconf'
Activating service name='org.freedesktop.Notifications'
Successfully activated service 'ca.desrt.dconf'
Activating service name='org.gnome.evolution.dataserver.Sources2'
Activating service name='org.gnome.ScreenSaver'
Successfully activated service 'com.canonical.indicator.keyboard'
Successfully activated service 'org.freedesktop.Notifications'
module-cache-reaper-Message: Scanning data directories
module-cache-reaper-Message: Scanning cache directories
Successfully activated service 'org.gnome.evolution.dataserver.Sources2'
Successfully activated service 'org.gnome.ScreenSaver'
Activating service name='org.gnome.evolution.dataserver.Calendar4'
Activating service name='org.gtk.Private.UDisks2VolumeMonitor'
Successfully activated service 'org.gtk.Private.UDisks2VolumeMonitor'
Activating service name='org.gtk.Private.GPhoto2VolumeMonitor'
Successfully activated service 'org.gtk.Private.GPhoto2VolumeMonitor'
Activating service name='org.gtk.Private.MTPVolumeMonitor'
Activating service name='org.gnome.GConf'
Successfully activated service 'org.gnome.GConf'
Successfully activated service 'org.gtk.Private.MTPVolumeMonitor'
Activating service name='org.gtk.Private.AfcVolumeMonitor'
Successfully activated service 'org.gtk.Private.AfcVolumeMonitor'
Successfully activated service 'org.gnome.evolution.dataserver.Calendar4'
** Message: Lost the name, shutting down.
Activating service name='org.freedesktop.Telepathy.AccountManager'
Successfully activated service 'org.freedesktop.Telepathy.AccountManager'
Activating service name='com.canonical.indicators.webcredentials'
Successfully activated service 'com.canonical.indicators.webcredentials'
Activating service name='org.gnome.zeitgeist.Engine'
Activating service name='org.gnome.zeitgeist.SimpleIndexer'
Successfully activated service 'org.gnome.zeitgeist.Engine'
Successfully activated service 'org.gnome.zeitgeist.SimpleIndexer'

** (zeitgeist-datahub:4261): WARNING **: zeitgeist-datahub.vala:229: Unable to get name "org.gnome.zeitgeist.datahub" on the bus!
Activating service name='com.canonical.Unity.Scope.Home'
Successfully activated service 'com.canonical.Unity.Scope.Home'

(unity-scope-home:4316): unity-scope-home-WARNING **: platform-info.vala:112: Unable to read SIM properties: GDBus.Error:org.freedesktop.DBus.Error.ServiceUnknown: The name org.ofono was not provided by any .service files
Activating service name='com.canonical.Unity.Scope.Applications'
Activating service name='com.canonical.Unity.Scope.LocalFiles'
Activating service name='com.canonical.Unity.Scope.File.Gdrive'

(process:4331): unity-files-daemon-WARNING **: folder.vala:65: Failed to read favorites: Failed to open file '/home/srtaksande/.gtk-bookmarks': No such file or directory
Successfully activated service 'com.canonical.Unity.Scope.LocalFiles'
Successfully activated service 'com.canonical.Unity.Scope.File.Gdrive'
Activating service name='com.canonical.Unity.Scope.Music'
Successfully activated service 'com.canonical.Unity.Scope.Music'

(unity-music-daemon:4365): unity-music-daemon-WARNING **: rhythmbox-collection.vala:510: Unable to open album-art DB!

(unity-music-daemon:4365): unity-music-daemon-WARNING **: rhythmbox-collection.vala:574: Error while parsing rhythmbox DB: Error opening file: No such file or directory
Successfully activated service 'com.canonical.Unity.Scope.Applications'

(unity-scope-home:4316): dee-CRITICAL **: clone_leader: assertion 'dee_model_get_n_rows (DEE_MODEL (self)) == 0' failed
Activating service name='com.canonical.Unity.Scope.File.Gdrive'
Successfully activated service 'com.canonical.Unity.Scope.File.Gdrive'

(unity-scope-home:4316): libunity-WARNING **: unity-aggregator-scope.vala:145: Error serializing GVariant with type string 'mv' to the D-Bus wire format
Activating service name='com.canonical.Unity.Scope.Academic.Zotero'
Successfully activated service 'com.canonical.Unity.Scope.Academic.Zotero'
Activating service name='com.canonical.Unity.Scope.File.Gdrive'
Successfully activated service 'com.canonical.Unity.Scope.File.Gdrive'
Activating service name='com.canonical.Unity.Scope.File.Gdrive'
Successfully activated service 'com.canonical.Unity.Scope.File.Gdrive'

(unity-scope-home:4316): libunity-WARNING **: unity-aggregator-scope.vala:145: Error serializing GVariant with type string 'mv' to the D-Bus wire format
Activating service name='com.ubuntu.OneConf'
Successfully activated service 'com.ubuntu.OneConf'
WARNING:oneconf.hosts:Error in loading other_hosts file: [Errno 2] No such file or directory: '/home/srtaksande/.cache/oneconf/6418d3f75e87e9280b5b3ffd58ad3c2d/other_hosts'
Activating service name='com.ubuntu.sso'
Successfully activated service 'com.ubuntu.sso'
Activating service name='org.gtk.vfs.Metadata'
Successfully activated service 'org.gtk.vfs.Metadata'
Activating service name='com.canonical.Unity.Scope.Academic.Zotero'
Successfully activated service 'com.canonical.Unity.Scope.Academic.Zotero'
Activating service name='com.canonical.Unity.Scope.File.Gdrive'
Successfully activated service 'com.canonical.Unity.Scope.File.Gdrive'

** (zeitgeist-fts:4262): WARNING **: Unable to get info on application://nautilus-autostart.desktop
Activating service name='com.ubuntu.sso'
Successfully activated service 'com.ubuntu.sso'

** (zeitgeist-fts:4262): WARNING **: Unable to get info on application://nautilus-autostart.desktop

** (zeitgeist-fts:4262): WARNING **: Unable to get info on application://nautilus-autostart.desktop

** (zeitgeist-fts:4262): WARNING **: Unable to get info on application://nautilus-autostart.desktop

** (zeitgeist-fts:4262): WARNING **: Unable to get info on application://nautilus-autostart.desktop

** (zeitgeist-fts:4262): WARNING **: Unable to get info on application://nautilus-autostart.desktop

** (zeitgeist-fts:4262): WARNING **: Unable to get info on application://nautilus-autostart.desktop

** (zeitgeist-fts:4262): WARNING **: Unable to get info on application://nautilus-autostart.desktop

** (zeitgeist-fts:4262): WARNING **: Unable to get info on application://nautilus-autostart.desktop
Activating service name='org.freedesktop.PackageKit'
INFO:Starting service
Successfully activated service 'org.freedesktop.PackageKit'

** (zeitgeist-fts:4262): WARNING **: Unable to get info on application://nautilus-autostart.desktop
DEBUG:Checking for inactivity (29s)
DEBUG:Checking for inactivity (59s)
DEBUG:Checking for inactivity (89s)
DEBUG:Checking for inactivity (119s)
DEBUG:Checking for inactivity (149s)
DEBUG:Checking for inactivity (179s)
DEBUG:Checking for inactivity (209s)
INFO:Shutting down because of inactivity

** (zeitgeist-fts:4262): WARNING **: Unable to get info on application://nautilus-autostart.desktop

** (zeitgeist-fts:4262): WARNING **: Unable to get info on application://nautilus-autostart.desktop

** (zeitgeist-fts:4262): WARNING **: Unable to get info on application://nautilus-autostart.desktop
module-cache-reaper-Message: Reaping abandoned data directories
module-cache-reaper-Message: Reaping abandoned cache directories
Activating service name='com.canonical.Unity.Scope.Academic.Zotero'
Successfully activated service 'com.canonical.Unity.Scope.Academic.Zotero'
Activating service name='com.canonical.Unity.Scope.File.Gdrive'
Successfully activated service 'com.canonical.Unity.Scope.File.Gdrive'

** (zeitgeist-fts:4262): WARNING **: Unable to get info on application://nautilus-autostart.desktop

** (zeitgeist-fts:4262): WARNING **: Unable to get info on application://nautilus-autostart.desktop

** (zeitgeist-fts:4262): WARNING **: Unable to get info on application://nautilus-autostart.desktop

** (zeitgeist-fts:4262): WARNING **: Unable to get info on application://nautilus-autostart.desktop

** (zeitgeist-fts:4262): WARNING **: Unable to get info on application://nautilus-autostart.desktop

** (zeitgeist-fts:4262): WARNING **: Unable to get info on application://nautilus-autostart.desktop

** (zeitgeist-fts:4262): WARNING **: Unable to get info on application://nautilus-autostart.desktop

** (zeitgeist-fts:4262): WARNING **: Unable to get info on application://nautilus-autostart.desktop

** (zeitgeist-fts:4262): WARNING **: Unable to get info on application://nautilus-autostart.desktop

** (zeitgeist-fts:4262): WARNING **: Unable to get info on application://nautilus-autostart.desktop

** (zeitgeist-fts:4262): WARNING **: Unable to get info on application://nautilus-autostart.desktop

** (zeitgeist-fts:4262): WARNING **: Unable to get info on application://nautilus-autostart.desktop

** (zeitgeist-fts:4262): WARNING **: Unable to get info on application://nautilus-autostart.desktop

** (zeitgeist-fts:4262): WARNING **: Unable to get info on application://nautilus-autostart.desktop

** (zeitgeist-fts:4262): WARNING **: Unable to get info on application://nautilus-autostart.desktop

** (zeitgeist-fts:4262): WARNING **: Unable to get info on application://nautilus-autostart.desktop

** (zeitgeist-fts:4262): WARNING **: Unable to get info on application://nautilus-autostart.desktop

** (zeitgeist-fts:4262): WARNING **: Unable to get info on application://nautilus-autostart.desktop

** (zeitgeist-fts:4262): WARNING **: Unable to get info on application://nautilus-autostart.desktop

** (zeitgeist-fts:4262): WARNING **: Unable to get info on application://nautilus-autostart.desktop

** (zeitgeist-fts:4262): WARNING **: Unable to get info on application://nautilus-autostart.desktop

** (zeitgeist-fts:4262): WARNING **: Unable to get info on application://nautilus-autostart.desktop

** (zeitgeist-fts:4262): WARNING **: Unable to get info on application://nautilus-autostart.desktop

** (zeitgeist-fts:4262): WARNING **: Unable to get info on application://nautilus-autostart.desktop

** (zeitgeist-fts:4262): WARNING **: Unable to get info on application://nautilus-autostart.desktop

** (zeitgeist-fts:4262): WARNING **: Unable to get info on application://nautilus-autostart.desktop

** (zeitgeist-fts:4262): WARNING **: Unable to get info on application://nautilus-autostart.desktop
Activating service name='com.canonical.Unity.Webapps.Service'
Successfully activated service 'com.canonical.Unity.Webapps.Service'
Activating service name='org.freedesktop.Geoclue.Providers.UbuntuGeoIP'
Successfully activated service 'org.freedesktop.Geoclue.Providers.UbuntuGeoIP'

(ubuntu-geoip-provider:7705): GLib-GObject-CRITICAL **: g_object_unref: assertion 'G_IS_OBJECT (object)' failed
** Message: Investigating webapp: unity-webapps-common 


** (process:7700): WARNING **: Found newline before all of metadata, skipping app
** Message: Investigating webapp: unity-webapps-qml 


** (process:7700): WARNING **: Found newline before all of metadata, skipping app
** Message: Investigating webapp: unity-webapps-qml-doc 


** (process:7700): WARNING **: Found newline before all of metadata, skipping app
** Message: Investigating webapp: unity-webapps-qml-examples 


** (process:7700): WARNING **: Found newline before all of metadata, skipping app
** Message: Investigating webapp: unity-webapps-service 


** (process:7700): WARNING **: Found newline before all of metadata, skipping app
** Message: Investigating webapp: unity-webapps-amazoncloudreader 

** Message: Investigating webapp: unity-webapps-bbcnews 

** Message: Investigating webapp: unity-webapps-cnn-news 

** Message: Investigating webapp: unity-webapps-deezer 

** Message: Investigating webapp: unity-webapps-dev 


** (process:7700): WARNING **: Found newline before all of metadata, skipping app
** Message: Investigating webapp: unity-webapps-deviantart 

** Message: Investigating webapp: unity-webapps-facebookmessenger 

** Message: Investigating webapp: unity-webapps-googlenews 

** Message: Investigating webapp: unity-webapps-googleplusgames 


** (process:7700): WARNING **: Found newline before all of metadata, skipping app
** Message: Investigating webapp: unity-webapps-grooveshark 

** Message: Investigating webapp: unity-webapps-hulu-player 

** Message: Investigating webapp: unity-webapps-lastfm-radio 

** Message: Investigating webapp: unity-webapps-launchpad 

** Message: Investigating webapp: unity-webapps-librefm 

** Message: Investigating webapp: unity-webapps-linkedin 

** Message: Investigating webapp: unity-webapps-mail-ru 

** Message: Investigating webapp: unity-webapps-newsblur 

** Message: Investigating webapp: unity-webapps-pandora 

** Message: Investigating webapp: unity-webapps-pandora-com 

** Message: Investigating webapp: unity-webapps-qml-autopilot 


** (process:7700): WARNING **: Found newline before all of metadata, skipping app
** Message: Investigating webapp: unity-webapps-qq-mail 

** Message: Investigating webapp: unity-webapps-reddit 

** Message: Investigating webapp: unity-webapps-tumblr 

** Message: Investigating webapp: unity-webapps-twitter 

** Message: Investigating webapp: unity-webapps-vkcom 

** Message: Investigating webapp: unity-webapps-wordpress 

** Message: Investigating webapp: unity-webapps-wordpress-com 

** Message: Investigating webapp: unity-webapps-yahoonews 

** Message: Investigating webapp: unity-webapps-yandex-music 

** Message: Investigating webapp: unity-webapps-yandexmail 

** Message: Investigating webapp: unity-webapps-yandexmusic 

** Message: Investigating webapp: unity-webapps-yandexnews 

** Message: Investigating webapp: unity-webapps-gmail 

** Message: Investigating webapp: unity-webapps-googlecalendar 

** Message: Investigating webapp: unity-webapps-googledocs 

** Message: Investigating webapp: unity-webapps-googleplus 

** Message: Investigating webapp: unity-webapps-livemail 

** Message: Investigating webapp: unity-webapps-yahoomail 

** Message: Investigating webapp: unity-webapps-youtube 


** (zeitgeist-fts:4262): WARNING **: Unable to get info on application://nautilus-autostart.desktop

** (zeitgeist-fts:4262): WARNING **: Unable to get info on application://nautilus-autostart.desktop

** (zeitgeist-fts:4262): WARNING **: Unable to get info on application://nautilus-autostart.desktop

** (zeitgeist-fts:4262): WARNING **: Unable to get info on application://nautilus-autostart.desktop

** (zeitgeist-fts:4262): WARNING **: Unable to get info on application://nautilus-autostart.desktop

** (zeitgeist-fts:4262): WARNING **: Unable to get info on application://nautilus-autostart.desktop

** (zeitgeist-fts:4262): WARNING **: Unable to get info on application://nautilus-autostart.desktop

** (zeitgeist-fts:4262): WARNING **: Unable to get info on application://nautilus-autostart.desktop

** (zeitgeist-fts:4262): WARNING **: Unable to get info on application://nautilus-autostart.desktop

** (zeitgeist-fts:4262): WARNING **: Unable to get info on application://nautilus-autostart.desktop

** (zeitgeist-fts:4262): WARNING **: Unable to get info on application://nautilus-autostart.desktop

** (zeitgeist-fts:4262): WARNING **: Unable to get info on application://nautilus-autostart.desktop
Activating service name='com.ubuntu.OneConf'
Successfully activated service 'com.ubuntu.OneConf'
WARNING:oneconf.hosts:Error in loading other_hosts file: [Errno 2] No such file or directory: '/home/srtaksande/.cache/oneconf/6418d3f75e87e9280b5b3ffd58ad3c2d/other_hosts'
Activating service name='com.ubuntu.sso'
Successfully activated service 'com.ubuntu.sso'
